Arguments: 
  /Users/tysoncadenhead/.nvm/versions/node/v14.6.0/bin/node /Users/tysoncadenhead/.nvm/versions/node/v14.6.0/bin/yarn add @types/cors --dev

PATH: 
  /Library/Frameworks/Python.framework/Versions/3.8/bin:/Users/tysoncadenhead/.nvm/versions/node/v14.6.0/bin:/Users/tysoncadenhead/.nvm/versions/node/v14.6.0/bin:/usr/local/bin:/usr/bin:/bin:/usr/sbin:/sbin:/Library/Apple/usr/bin:/Library/Frameworks/Python.framework/Versions/3.8/bin:/Users/tysoncadenhead/.nvm/versions/node/v14.6.0/bin:/usr/local/Cellar/mysql@5.7/5.7.32/bin/:/Users/tysoncadenhead/Library/Python/2.7/bin/:/usr/local/Cellar/mysql@5.7/5.7.32/bin/:/Users/tysoncadenhead/Library/Python/2.7/bin/

Yarn version: 
  1.22.4

Node version: 
  14.6.0

Platform: 
  darwin x64

Trace: 
  Error: https://registry.npmjs.org/sls-super-suit: Not found
      at Request.params.callback [as _callback] (/Users/tysoncadenhead/.nvm/versions/node/v14.6.0/lib/node_modules/yarn/lib/cli.js:66987:18)
      at Request.self.callback (/Users/tysoncadenhead/.nvm/versions/node/v14.6.0/lib/node_modules/yarn/lib/cli.js:140748:22)
      at Request.emit (events.js:314:20)
      at Request.<anonymous> (/Users/tysoncadenhead/.nvm/versions/node/v14.6.0/lib/node_modules/yarn/lib/cli.js:141720:10)
      at Request.emit (events.js:314:20)
      at IncomingMessage.<anonymous> (/Users/tysoncadenhead/.nvm/versions/node/v14.6.0/lib/node_modules/yarn/lib/cli.js:141642:12)
      at Object.onceWrapper (events.js:420:28)
      at IncomingMessage.emit (events.js:326:22)
      at endReadableNT (_stream_readable.js:1244:12)
      at processTicksAndRejections (internal/process/task_queues.js:80:21)

npm manifest: 
  {
    "name": "sls-super-suit-example-http",
    "version": "1.0.0",
    "description": "",
    "main": "src/index.ts",
    "scripts": {
      "test": "jest",
      "build": "tsc",
      "build:sls": "sls package",
      "test:watch": "jest --watchAll",
      "start:sls": "sls offline",
      "start": "DEBUG=* ts-node-dev --no-notify --respawn --transpile-only src/app.ts"
    },
    "author": "",
    "license": "Unlicense",
    "devDependencies": {
      "@types/aws-lambda": "^8.10.72",
      "@types/jest": "^26.0.20",
      "@types/serverless": "^1.78.21",
      "jest": "^26.6.3",
      "serverless": "^2.29.0",
      "serverless-offline": "^6.8.0",
      "serverless-plugin-typescript": "^1.1.9",
      "ts-jest": "^26.5.3",
      "typescript": "^4.2.3"
    },
    "jest": {
      "moduleFileExtensions": [
        "ts",
        "tsx",
        "js"
      ],
      "transform": {
        "\\.(ts|tsx)$": "ts-jest"
      },
      "testRegex": "__tests__/.*\\.(ts|tsx)$",
      "collectCoverage": false
    },
    "dependencies": {
      "@types/debug": "^4.1.5",
      "@types/express": "^4.17.11",
      "aws-lambda": "^1.0.6",
      "debug": "^4.3.1",
      "express": "^4.17.1",
      "node-cron": "^3.0.0",
      "ts-node-dev": "^1.1.6",
      "sls-super-suit": "1.0.0",
      "sls-super-suit-dev": "1.0.0"
    }
  }

yarn manifest: 
  No manifest

Lockfile: 
  No lockfile
